<?xml version="1.0" encoding="UTF-8"?>
<testsuite xmlns:xsi="http://www.w3.org/2001/XMLSchema-instance" xsi:noNamespaceSchemaLocation="https://maven.apache.org/surefire/maven-surefire-plugin/xsd/surefire-test-report-3.0.xsd" version="3.0" name="com.zenz.kvstore.KVSnapshotterTest" time="0.939" tests="7" errors="0" skipped="0" failures="0">
  <properties>
[...]
</properties>
  <testcase name="loadSnapshotV2_handlesMultipleEntries" classname="com.zenz.kvstore.KVSnapshotterTest" time="0.587">
    <system-out><![CDATA[Contents 
===HEADER START===
1
===HEADER END===
===KV START===
key0 value0
key1 value1
key2 value2
key3 value3
key4 value4
key5 value5
key6 value6
key7 value7
key8 value8
key9 value9
===KV END===

Line: key0 value0
Value in component value0
Line: key1 value1
Value in component value1
Line: key2 value2
Value in component value2
Line: key3 value3
Value in component value3
Line: key4 value4
Value in component value4
Line: key5 value5
Value in component value5
Line: key6 value6
Value in component value6
Line: key7 value7
Value in component value7
Line: key8 value8
Value in component value8
Line: key9 value9
Value in component value9
Line: ===KV END===
]]></system-out>
  </testcase>
  <testcase name="snapshot_createsFile" classname="com.zenz.kvstore.KVSnapshotterTest" time="0.043">
    <system-out><![CDATA[Components: 
123PUTtestkeytestvalue
<>PUT
]]></system-out>
  </testcase>
  <testcase name="roundTrip_saveAndLoad" classname="com.zenz.kvstore.KVSnapshotterTest" time="0.056">
    <system-out><![CDATA[Components: 
1PUTalphabeta
<>PUT
Components: 
2PUTgammadelta
<>PUT
Contents 
===HEADER START===
1
===HEADER END===
===KV START===
gamma delta
alpha beta
===KV END===

Line: gamma delta
Value in component delta
Line: alpha beta
Value in component beta
Line: ===KV END===
]]></system-out>
  </testcase>
  <testcase name="snapshot_containsKVPair" classname="com.zenz.kvstore.KVSnapshotterTest" time="0.029">
    <system-out><![CDATA[Components: 
123PUTmykeymyvalue
<>PUT
]]></system-out>
  </testcase>
  <testcase name="loadSnapshotV2_restoresData" classname="com.zenz.kvstore.KVSnapshotterTest" time="0.036">
    <system-out><![CDATA[Contents 
===HEADER START===
1
===HEADER END===
===KV START===
key1 value1
key2 value2
===KV END===

Line: key1 value1
Value in component value1
Line: key2 value2
Value in component value2
Line: ===KV END===
]]></system-out>
  </testcase>
  <testcase name="snapshot_handlesEmptyLog" classname="com.zenz.kvstore.KVSnapshotterTest" time="0.022"/>
  <testcase name="snapshot_handlesMultipleOperations" classname="com.zenz.kvstore.KVSnapshotterTest" time="0.115">
    <system-out><![CDATA[Components: 
1PUTk1v1
<>PUT
Components: 
2PUTk2v2
<>PUT
Components: 
3PUTk3v3
<>PUT
Components: 
4GETk1
<>GET
Contents 
===HEADER START===
1
===HEADER END===
===KV START===
k1 v1
k2 v2
k3 v3
===KV END===

Line: k1 v1
Value in component v1
Line: k2 v2
Value in component v2
Line: k3 v3
Value in component v3
Line: ===KV END===
]]></system-out>
  </testcase>
</testsuite>